
     ######################################################################
   ##########################################################################
  ###                                                                      ###
 ###            Tinker  ---  Software Tools for Molecular Design            ###
 ##                                                                          ##
 ##                       Version 8.9.1  February 2021                       ##
 ##                                                                          ##
 ##               Copyright (c)  Jay William Ponder  1990-2021               ##
 ###                           All Rights Reserved                          ###
  ###                                                                      ###
   ##########################################################################
     ######################################################################


 Intermolecular Energy :             -54.92551643 Kcal/mole

 Total Potential Energy :            -54.04649535 Kcal/mole

 Energy Component Breakdown :           Kcal/mole        Interactions

 Bond Stretching                       1.78880841                9
 Angle Bending                         0.70112302               13
 Stretch-Bend                          0.06641667               13
 Torsional Angle                      -0.15999950               16
 Van der Waals                        91.44981912               23
 Atomic Multipoles                   -96.65267554               23
 Polarization                        -51.23998753               23
