
     ######################################################################
   ##########################################################################
  ###                                                                      ###
 ###            Tinker  ---  Software Tools for Molecular Design            ###
 ##                                                                          ##
 ##                       Version 8.9.1  February 2021                       ##
 ##                                                                          ##
 ##               Copyright (c)  Jay William Ponder  1990-2021               ##
 ###                           All Rights Reserved                          ###
  ###                                                                      ###
   ##########################################################################
     ######################################################################


 Intermolecular Energy :              -8.01488882 Kcal/mole

 Total Potential Energy :             -7.21954258 Kcal/mole

 Energy Component Breakdown :           Kcal/mole        Interactions

 Bond Stretching                       0.40456717                2
 Angle Bending                         0.39078423                1
 Urey-Bradley                         -0.00000515                1
 Van der Waals                        -0.01867557                3
 Atomic Multipoles                    -7.35998381                3
 Polarization                         -0.63622944                3
