
     ######################################################################
   ##########################################################################
  ###                                                                      ###
 ###            Tinker  ---  Software Tools for Molecular Design            ###
 ##                                                                          ##
 ##                       Version 8.9.1  February 2021                       ##
 ##                                                                          ##
 ##               Copyright (c)  Jay William Ponder  1990-2021               ##
 ###                           All Rights Reserved                          ###
  ###                                                                      ###
   ##########################################################################
     ######################################################################


 Intermolecular Energy :             -43.26354703 Kcal/mole

 Total Potential Energy :            -42.46820079 Kcal/mole

 Energy Component Breakdown :           Kcal/mole        Interactions

 Bond Stretching                       0.40456717                2
 Angle Bending                         0.39078423                1
 Urey-Bradley                         -0.00000515                1
 Van der Waals                        28.54665077                3
 Atomic Multipoles                   -48.60226402                3
 Polarization                        -23.20793378                3
