
     ######################################################################
   ##########################################################################
  ###                                                                      ###
 ###            Tinker  ---  Software Tools for Molecular Design            ###
 ##                                                                          ##
 ##                       Version 8.9.1  February 2021                       ##
 ##                                                                          ##
 ##               Copyright (c)  Jay William Ponder  1990-2021               ##
 ###                           All Rights Reserved                          ###
  ###                                                                      ###
   ##########################################################################
     ######################################################################


 Intermolecular Energy :              16.22399628 Kcal/mole

 Total Potential Energy :             17.08762874 Kcal/mole

 Energy Component Breakdown :           Kcal/mole        Interactions

 Bond Stretching                       1.78880841                9
 Angle Bending                         0.70112302               13
 Stretch-Bend                          0.06641667               13
 Torsional Angle                      -0.15999950               16
 Van der Waals                       189.49103722               23
 Atomic Multipoles                  -117.81118465               23
 Polarization                        -56.98857243               23
