
     ######################################################################
   ##########################################################################
  ###                                                                      ###
 ###            Tinker  ---  Software Tools for Molecular Design            ###
 ##                                                                          ##
 ##                       Version 8.9.1  February 2021                       ##
 ##                                                                          ##
 ##               Copyright (c)  Jay William Ponder  1990-2021               ##
 ###                           All Rights Reserved                          ###
  ###                                                                      ###
   ##########################################################################
     ######################################################################


 Intermolecular Energy :             -79.73634959 Kcal/mole

 Total Potential Energy :            -78.84427660 Kcal/mole

 Energy Component Breakdown :           Kcal/mole        Interactions

 Bond Stretching                       1.78880841                9
 Angle Bending                         0.70112302               13
 Stretch-Bend                          0.06641667               13
 Torsional Angle                      -0.15999950               16
 Van der Waals                        44.37574419               23
 Atomic Multipoles                   -80.85254943               23
 Polarization                        -44.76381996               23
