
     ######################################################################
   ##########################################################################
  ###                                                                      ###
 ###            Tinker  ---  Software Tools for Molecular Design            ###
 ##                                                                          ##
 ##                       Version 8.9.1  February 2021                       ##
 ##                                                                          ##
 ##               Copyright (c)  Jay William Ponder  1990-2021               ##
 ###                           All Rights Reserved                          ###
  ###                                                                      ###
   ##########################################################################
     ######################################################################


 Intermolecular Energy :              72.25550866 Kcal/mole

 Total Potential Energy :             73.05085491 Kcal/mole

 Energy Component Breakdown :           Kcal/mole        Interactions

 Bond Stretching                       0.40456717                2
 Angle Bending                         0.39078423                1
 Urey-Bradley                         -0.00000515                1
 Van der Waals                       182.50805234                3
 Atomic Multipoles                   -77.70353512                3
 Polarization                        -32.54900856                3
