
     ######################################################################
   ##########################################################################
  ###                                                                      ###
 ###            Tinker  ---  Software Tools for Molecular Design            ###
 ##                                                                          ##
 ##                       Version 8.9.1  February 2021                       ##
 ##                                                                          ##
 ##               Copyright (c)  Jay William Ponder  1990-2021               ##
 ###                           All Rights Reserved                          ###
  ###                                                                      ###
   ##########################################################################
     ######################################################################


 Intermolecular Energy :             -45.02543673 Kcal/mole

 Total Potential Energy :            -44.23009049 Kcal/mole

 Energy Component Breakdown :           Kcal/mole        Interactions

 Bond Stretching                       0.40456717                2
 Angle Bending                         0.39078423                1
 Urey-Bradley                         -0.00000515                1
 Van der Waals                         5.55565083                3
 Atomic Multipoles                   -35.62128323                3
 Polarization                        -14.95980433                3
