
     ######################################################################
   ##########################################################################
  ###                                                                      ###
 ###            Tinker  ---  Software Tools for Molecular Design            ###
 ##                                                                          ##
 ##                       Version 8.9.1  February 2021                       ##
 ##                                                                          ##
 ##               Copyright (c)  Jay William Ponder  1990-2021               ##
 ###                           All Rights Reserved                          ###
  ###                                                                      ###
   ##########################################################################
     ######################################################################


 Intermolecular Energy :             -46.57651589 Kcal/mole

 Total Potential Energy :            -45.78116965 Kcal/mole

 Energy Component Breakdown :           Kcal/mole        Interactions

 Bond Stretching                       0.40456717                2
 Angle Bending                         0.39078423                1
 Urey-Bradley                         -0.00000515                1
 Van der Waals                         8.62801718                3
 Atomic Multipoles                   -38.33342476                3
 Polarization                        -16.87110831                3
